<?xml version="1.0" encoding="UTF-8"?>
<!-- Generated by org.testng.reporters.JUnitReportReporter -->
<testsuite hostname="LDTECH-KISHAN" failures="0" tests="4" name="com.metaex.UnitTest" time="35.947" errors="0" timestamp="2023-08-17T13:10:35 IST" skipped="0">
  <testcase classname="com.metaex.UnitTest" name="TC001" time="7.557"/>
  <system-out/>
  <testcase classname="com.metaex.UnitTest" name="TC002" time="6.673"/>
  <system-out/>
  <testcase classname="com.metaex.UnitTest" name="TC003" time="4.274"/>
  <system-out/>
  <testcase classname="com.metaex.UnitTest" name="TC004" time="17.443"/>
  <system-out/>
</testsuite> <!-- com.metaex.UnitTest -->
